* using log directory 'C:/Users/mhu/Documents/gitlab/hexmatch/..Rcheck'
* using R version 4.5.3 (2026-03-11 ucrt)
* using platform: x86_64-w64-mingw32
* R was compiled by
    gcc.exe (GCC) 14.3.0
    GNU Fortran (GCC) 14.3.0
* running under: Windows 11 x64 (build 26200)
* using session charset: UTF-8
* using options '--no-manual --no-build-vignettes'
* checking for file './DESCRIPTION' ... OK
* checking extension type ... Package
* this is package 'hexmatch' version '0.5.3'
* package encoding: UTF-8
* checking package namespace information ... OK
* checking package dependencies ... OK
* checking if this is a source package ... OK
* checking if there is a namespace ... OK
* checking for .dll and .exe files ... OK
* checking for hidden files and directories ... NOTE
Found the following hidden files and directories:
  .gitignore
  ..Rcheck
  .git
These were most likely included in error. See section 'Package
structure' in the 'Writing R Extensions' manual.
* checking for portable file names ... OK
* checking whether package 'hexmatch' can be installed ... ERROR
Installation failed.
See 'C:/Users/mhu/Documents/gitlab/hexmatch/..Rcheck/00install.out' for details.
* DONE
Status: 1 ERROR, 1 NOTE
